<?xml version="1.0" encoding="UTF-8"?>
<!-- Generated by org.testng.reporters.JUnitReportReporter -->
<testsuite ignored="0" hostname="RSKDirector-PC" failures="0" tests="1" name="testRunner.TestRunner01" time="0.028" errors="0" timestamp="28 Jan 2021 06:13:17 GMT" skipped="0">
  <testcase classname="testRunner.TestRunner01" name="Test001" time="0.028"/>
</testsuite> <!-- testRunner.TestRunner01 -->
