<?xml version="1.0" encoding="UTF-8"?>
<!-- Generated by org.testng.reporters.JUnitReportReporter -->
<testsuite ignored="0" hostname="macbooks-MacBook-Pro.local" failures="0" tests="1" name="testScripts.HomePageMultipleEntries" time="52.562" errors="0" timestamp="26 Jan 2021 06:37:17 GMT" skipped="0">
  <testcase classname="testScripts.HomePageMultipleEntries" name="positiveScenario01" time="52.562"/>
</testsuite> <!-- testScripts.HomePageMultipleEntries -->
