<?xml version="1.0" encoding="UTF-8"?>
<!-- Generated by org.testng.reporters.JUnitReportReporter -->
<testsuite ignored="0" hostname="macbooks-MacBook-Pro.local" failures="0" tests="1" name="restassured.API_Automation" time="2.486" errors="0" timestamp="26 Jan 2021 07:29:37 GMT" skipped="0">
  <testcase classname="restassured.API_Automation" name="getDetails" time="2.486"/>
</testsuite> <!-- restassured.API_Automation -->
