<?xml version="1.0" encoding="UTF-8"?>
<!-- Generated by org.testng.reporters.JUnitReportReporter -->
<testsuite ignored="0" hostname="macbooks-MacBook-Pro.local" failures="0" tests="2" name="testScripts.Test0001" time="18.872" errors="0" timestamp="20 Jan 2021 08:06:14 GMT" skipped="0">
  <testcase classname="testScripts.Test0001" name="facebookLogin" time="3.489"/>
  <testcase classname="testScripts.Test0001" name="marriottLogin" time="15.383"/>
</testsuite> <!-- testScripts.Test0001 -->
