<?xml version="1.0" encoding="UTF-8"?>
<!-- Generated by org.testng.reporters.JUnitReportReporter -->
<testsuite ignored="0" hostname="macbooks-MacBook-Pro.local" failures="0" tests="1" name="testScripts.Test0001" time="24.167" errors="0" timestamp="21 Jan 2021 07:01:20 GMT" skipped="0">
  <testcase classname="testScripts.Test0001" name="marriottLogin" time="24.167"/>
</testsuite> <!-- testScripts.Test0001 -->
