<?xml version="1.0" encoding="UTF-8"?>
<!-- Generated by org.testng.reporters.JUnitReportReporter -->
<testsuite ignored="0" hostname="RSKDirector-PC" failures="0" tests="2" name="testScripts.Test0001" time="108.987" errors="0" timestamp="20 Jan 2021 13:25:56 GMT" skipped="0">
  <testcase classname="testScripts.Test0001" name="marriottLogin" time="90.379"/>
  <testcase classname="testScripts.Test0001" name="facebookLogin" time="18.608"/>
</testsuite> <!-- testScripts.Test0001 -->
