<?xml version="1.0" encoding="UTF-8"?>
<!-- Generated by org.testng.reporters.JUnitReportReporter -->
<testsuite ignored="0" hostname="macbooks-MacBook-Pro.local" failures="0" tests="1" name="testScripts.HomePageE2E" time="27.662" errors="0" timestamp="23 Jan 2021 12:11:21 GMT" skipped="0">
  <testcase classname="testScripts.HomePageE2E" name="positiveScenario01" time="27.662"/>
</testsuite> <!-- testScripts.HomePageE2E -->
